Starting GlyphWriter initialization...
Loading combinations from: GlyphEngine/unique_combinations.bin
Opening file: GlyphEngine/unique_combinations.bin
Reading 2192 combinations
Finished loading combinations

=== Starting draw_spell ===

=== Getting Attribute Indices ===
Input parameters:
Level: 0
School: None
Duration: None
Range: None
Area Type: None
Damage Type: 1 hour
Condition: None
Generated indices: 1 0 13 0 0 15 0 
Attribute Indices: 1 0 13 0 0 15 0 

Input Array Contents:
Level Array: 0 0 0 0 0 0 0 0 0 0 0 0 0 0 1 
School Array: 0 0 0 0 0 0 0 0 0 0 0 0 0 0 0 
Duration Array: 0 0 0 0 0 0 0 0 0 0 1 1 0 0 1 
Range Array: 0 0 0 0 0 0 0 0 0 0 0 0 0 0 0 
Area Type Array: 0 0 0 0 0 0 0 0 0 0 0 0 0 0 0 
Damage Type Array: 0 0 0 0 0 0 0 0 0 0 1 1 1 0 1 
Condition Array: 0 0 0 0 0 0 0 0 0 0 0 0 0 0 0 

RenderTexture created and cleared

Base Points (polygon):
Point 0: (0.587785,-0.809017)
Point 1: (0.866025,-0.5)
Point 2: (0.994522,-0.104528)
Point 3: (0.951057,0.309017)
Point 4: (0.743145,0.669131)
Point 5: (0.406737,0.913545)
Point 6: (-1.22461e-16,1)
Point 7: (-0.406737,0.913545)
Point 8: (-0.743145,0.669131)
Point 9: (-0.951057,0.309017)
Point 10: (-0.994522,-0.104528)
Point 11: (-0.866025,-0.5)
Point 12: (-0.587785,-0.809017)
Point 13: (-0.207912,-0.978148)
Point 14: (0.207912,-0.978148)

Transformation values:
Scale: 300
Offset X: 400
Offset Y: 400

Drawing line from (462.374,106.556) to (576.336,157.295)
Generated 2 line points

Drawing line from (101.643,368.641) to (337.626,106.556)
Generated 2 line points

Drawing line from (140.192,250) to (462.374,106.556)
Generated 2 line points

Drawing line from (462.374,106.556) to (698.357,368.641)
Generated 2 line points

Drawing line from (101.643,368.641) to (659.808,250)
Generated 2 line points

Drawing line from (140.192,250) to (698.357,368.641)
Generated 2 line points

Drawing line from (223.664,157.295) to (685.317,492.705)
Generated 2 line points

Drawing line from (462.374,106.556) to (522.021,674.064)
Generated 2 line points

Saved image to: output.png
=== Finished draw_spell ===
